08:29:14.436 Checking updates...
08:30:05.228 Error Message: org.openqa.selenium.WebDriverException: Failed to connect to binary FirefoxBinary(/usr/bin/firefox) on port 7055; process output follows: 
u-paket för Firefox.","creator":"Canonical Ltd.","homepageURL":null},{"locales":["uk"],"name":"Ubuntu Modifications","description":"Убунтівські доповнення до Firefox.","creator":"Canonical Ltd.","homepageURL":null},{"locales":["zh-CN"],"name":"Ubuntu Modifications","description":"Ubuntu 火狐扩展包.","creator":"Canonical Ltd.","homepageURL":null},{"locales":["zh-TW"],"name":"Ubuntu Modifications","description":"Ubuntu Firefox 擴充包。","creator":"Canonical Ltd.","homepageURL":null}],"targetApplications":[{"id":"{ec8030f7-c20a-464f-9b0e-13a3a9e97384}","minVersion":"9.0","maxVersion":"37.0a1"}],"targetPlatforms":[],"multiprocessCompatible":false,"signedState":2,"seen":true}
1472192959137	DeferredSave.extensions.json	DEBUG	Save changes
1472192959137	addons.xpi	DEBUG	Updating database with changes to installed add-ons
1472192959137	addons.xpi-utils	DEBUG	Updating add-on states
1472192959139	addons.xpi-utils	DEBUG	Writing add-ons list
1472192959141	addons.xpi	DEBUG	Registering manifest for /usr/lib/firefox/browser/features/e10srollout@mozilla.org.xpi
1472192959141	addons.xpi	DEBUG	Calling bootstrap method startup on e10srollout@mozilla.org version 1.0
1472192959142	addons.xpi	DEBUG	Registering manifest for /usr/lib/firefox/browser/features/firefox@getpocket.com.xpi
1472192959143	addons.xpi	DEBUG	Calling bootstrap method startup on firefox@getpocket.com version 1.0.4
1472192959144	addons.xpi	DEBUG	Registering manifest for /usr/lib/firefox/browser/features/loop@mozilla.org.xpi
1472192959145	addons.xpi	DEBUG	Calling bootstrap method startup on loop@mozilla.org version 1.4.3
1472192959181	addons.xpi	DEBUG	Registering manifest for /usr/lib/firefox/browser/extensions/langpack-en-GB@firefox.mozilla.org.xpi
1472192959184	addons.xpi	DEBUG	Registering manifest for /usr/lib/firefox/browser/extensions/langpack-en-ZA@firefox.mozilla.org.xpi
1472192959187	addons.xpi	DEBUG	Registering manifest for /usr/lib/firefox/browser/extensions/langpack-de@firefox.mozilla.org.xpi
1472192959194	addons.manager	DEBUG	Registering shutdown blocker for XPIProvider
1472192959195	addons.manager	DEBUG	Provider finished startup: XPIProvider
1472192959195	addons.manager	DEBUG	Starting provider: LightweightThemeManager
1472192959195	addons.manager	DEBUG	Registering shutdown blocker for LightweightThemeManager
1472192959195	addons.manager	DEBUG	Provider finished startup: LightweightThemeManager
1472192959196	addons.manager	DEBUG	Starting provider: GMPProvider
1472192959208	addons.manager	DEBUG	Registering shutdown blocker for GMPProvider
1472192959208	addons.manager	DEBUG	Provider finished startup: GMPProvider
1472192959208	addons.manager	DEBUG	Starting provider: PluginProvider
1472192959209	addons.manager	DEBUG	Registering shutdown blocker for PluginProvider
1472192959209	addons.manager	DEBUG	Provider finished startup: PluginProvider
1472192959209	addons.manager	DEBUG	Completed startup sequence
1472192959691	addons.manager	DEBUG	Starting provider: <unnamed-provider>
1472192959691	addons.manager	DEBUG	Registering shutdown blocker for <unnamed-provider>
1472192959691	addons.manager	DEBUG	Provider finished startup: <unnamed-provider>
1472192959857	DeferredSave.extensions.json	DEBUG	Write succeeded
1472192959857	addons.xpi-utils	DEBUG	XPI Database saved, setting schema version preference to 17
1472192959857	DeferredSave.extensions.json	DEBUG	Starting timer
1472192959884	DeferredSave.extensions.json	DEBUG	Starting write
1472192959890	addons.repository	DEBUG	No addons.json found.
1472192959891	DeferredSave.addons.json	DEBUG	Save changes
1472192959894	DeferredSave.addons.json	DEBUG	Starting timer
1472192959920	addons.manager	DEBUG	Starting provider: PreviousExperimentProvider
1472192959920	addons.manager	DEBUG	Registering shutdown blocker for PreviousExperimentProvider
1472192959920	addons.manager	DEBUG	Provider finished startup: PreviousExperimentProvider
1472192959935	DeferredSave.extensions.json	DEBUG	Write succeeded
1472192959952	DeferredSave.addons.json	DEBUG	Starting write
1472192959965	DeferredSave.addons.json	DEBUG	Write succeeded

Build info: version: '2.48.2', revision: '41bccdd10cf2c0560f637404c2d96164b67d9d67', time: '2015-10-09 13:08:06'
System info: host: 'malte-Vostro-3500', ip: '127.0.1.1', os.name: 'Linux', os.arch: 'amd64', os.version: '4.4.0-34-generic', java.version: '1.8.0_91'
Driver info: driver.version: Driver
08:30:05.228 Stacktrace: 
org.openqa.selenium.firefox.internal.NewProfileExtensionConnection.start(NewProfileExtensionConnection.java:135)
org.openqa.selenium.firefox.FirefoxDriver.startClient(FirefoxDriver.java:271)
org.openqa.selenium.remote.RemoteWebDriver.<init>(RemoteWebDriver.java:117)
org.openqa.selenium.firefox.FirefoxDriver.<init>(FirefoxDriver.java:216)
org.openqa.selenium.firefox.FirefoxDriver.<init>(FirefoxDriver.java:211)
org.openqa.selenium.firefox.FirefoxDriver.<init>(FirefoxDriver.java:207)
org.openqa.selenium.firefox.FirefoxDriver.<init>(FirefoxDriver.java:120)
driver.DriverFactory.getDriver(DriverFactory.java:17)
driver.Driver.initializeDriver(Driver.java:16)
sun.reflect.NativeMethodAccessorImpl.invoke0(Native Method)
sun.reflect.NativeMethodAccessorImpl.invoke(NativeMethodAccessorImpl.java:62)
sun.reflect.DelegatingMethodAccessorImpl.invoke(DelegatingMethodAccessorImpl.java:43)
java.lang.reflect.Method.invoke(Method.java:498)
com.thoughtworks.gauge.execution.MethodExecutor.execute(MethodExecutor.java:31)
com.thoughtworks.gauge.execution.HooksExecutor$TaggedHookExecutor.executeHook(HooksExecutor.java:98)
com.thoughtworks.gauge.execution.HooksExecutor$TaggedHookExecutor.execute(HooksExecutor.java:84)
com.thoughtworks.gauge.execution.HooksExecutor.execute(HooksExecutor.java:41)
com.thoughtworks.gauge.processor.MethodExecutionMessageProcessor.executeHooks(MethodExecutionMessageProcessor.java:55)
com.thoughtworks.gauge.processor.SuiteExecutionStartingProcessor.process(SuiteExecutionStartingProcessor.java:26)
com.thoughtworks.gauge.connection.MessageDispatcher.dispatchMessages(MessageDispatcher.java:72)
com.thoughtworks.gauge.GaugeRuntime.main(GaugeRuntime.java:37)
08:30:05.231 Error Message: java.lang.NullPointerException
08:30:05.234 Stacktrace: 
driver.Driver.closeDriver(Driver.java:22)
sun.reflect.NativeMethodAccessorImpl.invoke0(Native Method)
sun.reflect.NativeMethodAccessorImpl.invoke(NativeMethodAccessorImpl.java:62)
sun.reflect.DelegatingMethodAccessorImpl.invoke(DelegatingMethodAccessorImpl.java:43)
java.lang.reflect.Method.invoke(Method.java:498)
com.thoughtworks.gauge.execution.MethodExecutor.execute(MethodExecutor.java:31)
com.thoughtworks.gauge.execution.HooksExecutor$TaggedHookExecutor.executeHook(HooksExecutor.java:98)
com.thoughtworks.gauge.execution.HooksExecutor$TaggedHookExecutor.execute(HooksExecutor.java:84)
com.thoughtworks.gauge.execution.HooksExecutor.execute(HooksExecutor.java:41)
com.thoughtworks.gauge.processor.MethodExecutionMessageProcessor.executeHooks(MethodExecutionMessageProcessor.java:55)
com.thoughtworks.gauge.processor.SuiteExecutionEndingProcessor.process(SuiteExecutionEndingProcessor.java:26)
com.thoughtworks.gauge.connection.MessageDispatcher.dispatchMessages(MessageDispatcher.java:72)
com.thoughtworks.gauge.GaugeRuntime.main(GaugeRuntime.java:37)
08:30:05.334 Plugin [Html Report] with pid [6772] has exited
08:30:05.635 Specifications:	0 executed	0 passed	0 failed	0 skipped
08:30:05.635 Scenarios:	0 executed	0 passed	0 failed	0 skipped
08:30:05.635 
Total time taken: 48.44s
08:30:05.635 Updates are available. Run gauge --check-updates for more info.
08:30:57.621 Checking updates...
08:31:48.073 Error Message: org.openqa.selenium.WebDriverException: Failed to connect to binary FirefoxBinary(/usr/bin/firefox) on port 7055; process output follows: 
eatures/e10srollout@mozilla.org.xpi
1472193061741	addons.xpi	DEBUG	Calling bootstrap method startup on e10srollout@mozilla.org version 1.0
1472193061741	addons.xpi	DEBUG	Registering manifest for /usr/lib/firefox/browser/features/firefox@getpocket.com.xpi
1472193061742	addons.xpi	DEBUG	Calling bootstrap method startup on firefox@getpocket.com version 1.0.4
1472193061743	addons.xpi	DEBUG	Registering manifest for /usr/lib/firefox/browser/features/loop@mozilla.org.xpi
1472193061744	addons.xpi	DEBUG	Calling bootstrap method startup on loop@mozilla.org version 1.4.3
1472193061769	addons.xpi	DEBUG	Registering manifest for /usr/lib/firefox/browser/extensions/langpack-en-GB@firefox.mozilla.org.xpi
1472193061771	addons.xpi	DEBUG	Registering manifest for /usr/lib/firefox/browser/extensions/langpack-en-ZA@firefox.mozilla.org.xpi
1472193061772	addons.xpi	DEBUG	Registering manifest for /usr/lib/firefox/browser/extensions/langpack-de@firefox.mozilla.org.xpi
1472193061776	addons.manager	DEBUG	Registering shutdown blocker for XPIProvider
1472193061776	addons.manager	DEBUG	Provider finished startup: XPIProvider
1472193061776	addons.manager	DEBUG	Starting provider: LightweightThemeManager
1472193061777	addons.manager	DEBUG	Registering shutdown blocker for LightweightThemeManager
1472193061777	addons.manager	DEBUG	Provider finished startup: LightweightThemeManager
1472193061777	addons.manager	DEBUG	Starting provider: GMPProvider
1472193061785	addons.manager	DEBUG	Registering shutdown blocker for GMPProvider
1472193061786	addons.manager	DEBUG	Provider finished startup: GMPProvider
1472193061786	addons.manager	DEBUG	Starting provider: PluginProvider
1472193061786	addons.manager	DEBUG	Registering shutdown blocker for PluginProvider
1472193061787	addons.manager	DEBUG	Provider finished startup: PluginProvider
1472193061787	addons.manager	DEBUG	Completed startup sequence
1472193062175	addons.manager	DEBUG	Starting provider: <unnamed-provider>
1472193062176	addons.manager	DEBUG	Registering shutdown blocker for <unnamed-provider>
1472193062176	addons.manager	DEBUG	Provider finished startup: <unnamed-provider>
1472193062320	DeferredSave.extensions.json	DEBUG	Write succeeded
1472193062320	addons.xpi-utils	DEBUG	XPI Database saved, setting schema version preference to 17
1472193062320	DeferredSave.extensions.json	DEBUG	Starting timer
1472193062336	addons.repository	DEBUG	No addons.json found.
1472193062337	DeferredSave.addons.json	DEBUG	Save changes
1472193062340	DeferredSave.addons.json	DEBUG	Starting timer
1472193062366	addons.manager	DEBUG	Starting provider: PreviousExperimentProvider
1472193062366	addons.manager	DEBUG	Registering shutdown blocker for PreviousExperimentProvider
1472193062366	addons.manager	DEBUG	Provider finished startup: PreviousExperimentProvider
1472193062374	DeferredSave.extensions.json	DEBUG	Starting write
1472193062399	DeferredSave.addons.json	DEBUG	Starting write
1472193062404	DeferredSave.extensions.json	DEBUG	Write succeeded
1472193062418	DeferredSave.addons.json	DEBUG	Write succeeded
1472193068514	addons.xpi	DEBUG	Calling bootstrap method shutdown on e10srollout@mozilla.org version 1.0
1472193068515	addons.xpi	DEBUG	Calling bootstrap method shutdown on firefox@getpocket.com version 1.0.4
1472193068515	addons.xpi	DEBUG	Calling bootstrap method shutdown on loop@mozilla.org version 1.4.3
1472193068764	addons.manager	DEBUG	shutdown
1472193068764	addons.manager	DEBUG	Calling shutdown blocker for XPIProvider
1472193068765	addons.xpi	DEBUG	shutdown
1472193068765	addons.xpi-utils	DEBUG	shutdown
1472193068766	addons.manager	DEBUG	Calling shutdown blocker for LightweightThemeManager
1472193068767	addons.manager	DEBUG	Calling shutdown blocker for GMPProvider
1472193068771	addons.manager	DEBUG	Calling shutdown blocker for PluginProvider
1472193068772	addons.manager	DEBUG	Calling shutdown blocker for <unnamed-provider>
1472193068775	addons.manager	DEBUG	Calling shutdown blocker for PreviousExperimentProvider
1472193068780	addons.xpi	DEBUG	Notifying XPI shutdown observers
1472193068785	addons.manager	DEBUG	Async provider shutdown done

Build info: version: '2.48.2', revision: '41bccdd10cf2c0560f637404c2d96164b67d9d67', time: '2015-10-09 13:08:06'
System info: host: 'malte-Vostro-3500', ip: '127.0.1.1', os.name: 'Linux', os.arch: 'amd64', os.version: '4.4.0-34-generic', java.version: '1.8.0_91'
Driver info: driver.version: Driver
08:31:48.077 Stacktrace: 
org.openqa.selenium.firefox.internal.NewProfileExtensionConnection.start(NewProfileExtensionConnection.java:135)
org.openqa.selenium.firefox.FirefoxDriver.startClient(FirefoxDriver.java:271)
org.openqa.selenium.remote.RemoteWebDriver.<init>(RemoteWebDriver.java:117)
org.openqa.selenium.firefox.FirefoxDriver.<init>(FirefoxDriver.java:216)
org.openqa.selenium.firefox.FirefoxDriver.<init>(FirefoxDriver.java:211)
org.openqa.selenium.firefox.FirefoxDriver.<init>(FirefoxDriver.java:207)
org.openqa.selenium.firefox.FirefoxDriver.<init>(FirefoxDriver.java:120)
driver.DriverFactory.getDriver(DriverFactory.java:17)
driver.Driver.initializeDriver(Driver.java:16)
sun.reflect.NativeMethodAccessorImpl.invoke0(Native Method)
sun.reflect.NativeMethodAccessorImpl.invoke(NativeMethodAccessorImpl.java:62)
sun.reflect.DelegatingMethodAccessorImpl.invoke(DelegatingMethodAccessorImpl.java:43)
java.lang.reflect.Method.invoke(Method.java:498)
com.thoughtworks.gauge.execution.MethodExecutor.execute(MethodExecutor.java:31)
com.thoughtworks.gauge.execution.HooksExecutor$TaggedHookExecutor.executeHook(HooksExecutor.java:98)
com.thoughtworks.gauge.execution.HooksExecutor$TaggedHookExecutor.execute(HooksExecutor.java:84)
com.thoughtworks.gauge.execution.HooksExecutor.execute(HooksExecutor.java:41)
com.thoughtworks.gauge.processor.MethodExecutionMessageProcessor.executeHooks(MethodExecutionMessageProcessor.java:55)
com.thoughtworks.gauge.processor.SuiteExecutionStartingProcessor.process(SuiteExecutionStartingProcessor.java:26)
com.thoughtworks.gauge.connection.MessageDispatcher.dispatchMessages(MessageDispatcher.java:72)
com.thoughtworks.gauge.GaugeRuntime.main(GaugeRuntime.java:37)
08:31:48.077 Error Message: java.lang.NullPointerException
08:31:48.077 Stacktrace: 
driver.Driver.closeDriver(Driver.java:22)
sun.reflect.NativeMethodAccessorImpl.invoke0(Native Method)
sun.reflect.NativeMethodAccessorImpl.invoke(NativeMethodAccessorImpl.java:62)
sun.reflect.DelegatingMethodAccessorImpl.invoke(DelegatingMethodAccessorImpl.java:43)
java.lang.reflect.Method.invoke(Method.java:498)
com.thoughtworks.gauge.execution.MethodExecutor.execute(MethodExecutor.java:31)
com.thoughtworks.gauge.execution.HooksExecutor$TaggedHookExecutor.executeHook(HooksExecutor.java:98)
com.thoughtworks.gauge.execution.HooksExecutor$TaggedHookExecutor.execute(HooksExecutor.java:84)
com.thoughtworks.gauge.execution.HooksExecutor.execute(HooksExecutor.java:41)
com.thoughtworks.gauge.processor.MethodExecutionMessageProcessor.executeHooks(MethodExecutionMessageProcessor.java:55)
com.thoughtworks.gauge.processor.SuiteExecutionEndingProcessor.process(SuiteExecutionEndingProcessor.java:26)
com.thoughtworks.gauge.connection.MessageDispatcher.dispatchMessages(MessageDispatcher.java:72)
com.thoughtworks.gauge.GaugeRuntime.main(GaugeRuntime.java:37)
08:31:48.177 Plugin [Html Report] with pid [6964] has exited
08:31:48.378 Specifications:	0 executed	0 passed	0 failed	0 skipped
08:31:48.378 Scenarios:	0 executed	0 passed	0 failed	0 skipped
08:31:48.378 
Total time taken: 48.022s
08:31:48.378 Updates are available. Run gauge --check-updates for more info.
08:32:32.944 Checking updates...
08:33:10.138 Checking updates...
08:33:14.781 # Getting Started with Gauge
08:33:14.784 ## Get Started
08:33:14.790 * Navigate to "http://getgauge.io"

08:33:16.755 * Go to Gauge Get Started Page
08:33:18.217 
Failed Step: Go to Gauge Get Started Page
08:33:18.217 Error Message: org.openqa.selenium.NoSuchElementException: no such element: Unable to locate element: {"method":"xpath","selector":"//*[@id="content"]/section[1]/section/div[2]/a[1]"}
  (Session info: chrome=52.0.2743.82)
  (Driver info: chromedriver=2.22.397932 (282ed7cf89cf0053b6542e0d0f039d4123bbb6ad),platform=Linux 4.4.0-34-generic x86_64) (WARNING: The server did not provide any stacktrace information)
Command duration or timeout: 34 milliseconds
For documentation on this error, please visit: http://seleniumhq.org/exceptions/no_such_element.html
Build info: version: '2.48.2', revision: '41bccdd10cf2c0560f637404c2d96164b67d9d67', time: '2015-10-09 13:08:06'
System info: host: 'malte-Vostro-3500', ip: '127.0.1.1', os.name: 'Linux', os.arch: 'amd64', os.version: '4.4.0-34-generic', java.version: '1.8.0_91'
Driver info: org.openqa.selenium.chrome.ChromeDriver
Capabilities [{applicationCacheEnabled=false, rotatable=false, mobileEmulationEnabled=false, chrome={chromedriverVersion=2.22.397932 (282ed7cf89cf0053b6542e0d0f039d4123bbb6ad), userDataDir=/tmp/.com.google.Chrome.Km1Dze}, takesHeapSnapshot=true, databaseEnabled=false, handlesAlerts=true, hasTouchScreen=false, version=52.0.2743.82, platform=LINUX, browserConnectionEnabled=false, nativeEvents=true, acceptSslCerts=true, locationContextEnabled=true, webStorageEnabled=true, browserName=chrome, takesScreenshot=true, javascriptEnabled=true, cssSelectorsEnabled=true}]
Session ID: 22cddcb8d4c035d3e769f0a2e032215d
*** Element info: {Using=xpath, value=//*[@id="content"]/section[1]/section/div[2]/a[1]}
08:33:18.217 Specification: specs/example.spec:13
08:33:18.217 Stacktrace: 
sun.reflect.NativeConstructorAccessorImpl.newInstance0(Native Method)
sun.reflect.NativeConstructorAccessorImpl.newInstance(NativeConstructorAccessorImpl.java:62)
sun.reflect.DelegatingConstructorAccessorImpl.newInstance(DelegatingConstructorAccessorImpl.java:45)
java.lang.reflect.Constructor.newInstance(Constructor.java:423)
org.openqa.selenium.remote.ErrorHandler.createThrowable(ErrorHandler.java:206)
org.openqa.selenium.remote.ErrorHandler.throwIfResponseFailed(ErrorHandler.java:158)
org.openqa.selenium.remote.RemoteWebDriver.execute(RemoteWebDriver.java:647)
org.openqa.selenium.remote.RemoteWebDriver.findElement(RemoteWebDriver.java:353)
org.openqa.selenium.remote.RemoteWebDriver.findElementByXPath(RemoteWebDriver.java:490)
org.openqa.selenium.By$ByXPath.findElement(By.java:361)
org.openqa.selenium.remote.RemoteWebDriver.findElement(RemoteWebDriver.java:345)
StepImplementation.gotoGetStartedPage(StepImplementation.java:19)
sun.reflect.NativeMethodAccessorImpl.invoke0(Native Method)
sun.reflect.NativeMethodAccessorImpl.invoke(NativeMethodAccessorImpl.java:62)
sun.reflect.DelegatingMethodAccessorImpl.invoke(DelegatingMethodAccessorImpl.java:43)
java.lang.reflect.Method.invoke(Method.java:498)
com.thoughtworks.gauge.execution.MethodExecutor.execute(MethodExecutor.java:31)
com.thoughtworks.gauge.execution.StepExecutionStage.executeStepMethod(StepExecutionStage.java:96)
com.thoughtworks.gauge.execution.StepExecutionStage.executeStep(StepExecutionStage.java:77)
com.thoughtworks.gauge.execution.StepExecutionStage.execute(StepExecutionStage.java:58)
com.thoughtworks.gauge.execution.AbstractExecutionStage.executeNext(AbstractExecutionStage.java:24)
com.thoughtworks.gauge.execution.HookExecutionStage.execute(HookExecutionStage.java:42)
com.thoughtworks.gauge.execution.ExecutionPipeline.start(ExecutionPipeline.java:31)
com.thoughtworks.gauge.processor.ExecuteStepProcessor.process(ExecuteStepProcessor.java:34)
com.thoughtworks.gauge.connection.MessageDispatcher.dispatchMessages(MessageDispatcher.java:72)
com.thoughtworks.gauge.GaugeRuntime.main(GaugeRuntime.java:37)
08:33:18.897 Plugin [Html Report] with pid [7929] has exited
08:33:19.098 Specifications:	1 executed	0 passed	1 failed	0 skipped
08:33:19.098 Scenarios:	1 executed	0 passed	1 failed	0 skipped
08:33:19.098 
Total time taken: 5.989s
08:33:19.098 Updates are available. Run gauge --check-updates for more info.
08:33:23.112 Error Message: org.openqa.selenium.WebDriverException: Failed to connect to binary FirefoxBinary(/usr/bin/firefox) on port 7055; process output follows: 
eatures/e10srollout@mozilla.org.xpi
1472193156166	addons.xpi	DEBUG	Calling bootstrap method startup on e10srollout@mozilla.org version 1.0
1472193156166	addons.xpi	DEBUG	Registering manifest for /usr/lib/firefox/browser/features/firefox@getpocket.com.xpi
1472193156167	addons.xpi	DEBUG	Calling bootstrap method startup on firefox@getpocket.com version 1.0.4
1472193156168	addons.xpi	DEBUG	Registering manifest for /usr/lib/firefox/browser/features/loop@mozilla.org.xpi
1472193156169	addons.xpi	DEBUG	Calling bootstrap method startup on loop@mozilla.org version 1.4.3
1472193156194	addons.xpi	DEBUG	Registering manifest for /usr/lib/firefox/browser/extensions/langpack-en-GB@firefox.mozilla.org.xpi
1472193156196	addons.xpi	DEBUG	Registering manifest for /usr/lib/firefox/browser/extensions/langpack-en-ZA@firefox.mozilla.org.xpi
1472193156198	addons.xpi	DEBUG	Registering manifest for /usr/lib/firefox/browser/extensions/langpack-de@firefox.mozilla.org.xpi
1472193156202	addons.manager	DEBUG	Registering shutdown blocker for XPIProvider
1472193156202	addons.manager	DEBUG	Provider finished startup: XPIProvider
1472193156203	addons.manager	DEBUG	Starting provider: LightweightThemeManager
1472193156203	addons.manager	DEBUG	Registering shutdown blocker for LightweightThemeManager
1472193156203	addons.manager	DEBUG	Provider finished startup: LightweightThemeManager
1472193156204	addons.manager	DEBUG	Starting provider: GMPProvider
1472193156212	addons.manager	DEBUG	Registering shutdown blocker for GMPProvider
1472193156213	addons.manager	DEBUG	Provider finished startup: GMPProvider
1472193156213	addons.manager	DEBUG	Starting provider: PluginProvider
1472193156213	addons.manager	DEBUG	Registering shutdown blocker for PluginProvider
1472193156214	addons.manager	DEBUG	Provider finished startup: PluginProvider
1472193156214	addons.manager	DEBUG	Completed startup sequence
1472193156621	addons.manager	DEBUG	Starting provider: <unnamed-provider>
1472193156621	addons.manager	DEBUG	Registering shutdown blocker for <unnamed-provider>
1472193156622	addons.manager	DEBUG	Provider finished startup: <unnamed-provider>
1472193156754	DeferredSave.extensions.json	DEBUG	Write succeeded
1472193156754	addons.xpi-utils	DEBUG	XPI Database saved, setting schema version preference to 17
1472193156754	DeferredSave.extensions.json	DEBUG	Starting timer
1472193156769	addons.repository	DEBUG	No addons.json found.
1472193156770	DeferredSave.addons.json	DEBUG	Save changes
1472193156773	DeferredSave.addons.json	DEBUG	Starting timer
1472193156801	addons.manager	DEBUG	Starting provider: PreviousExperimentProvider
1472193156801	addons.manager	DEBUG	Registering shutdown blocker for PreviousExperimentProvider
1472193156802	addons.manager	DEBUG	Provider finished startup: PreviousExperimentProvider
1472193156812	DeferredSave.extensions.json	DEBUG	Starting write
1472193156836	DeferredSave.addons.json	DEBUG	Starting write
1472193156844	DeferredSave.extensions.json	DEBUG	Write succeeded
1472193156856	DeferredSave.addons.json	DEBUG	Write succeeded
1472193163504	addons.xpi	DEBUG	Calling bootstrap method shutdown on e10srollout@mozilla.org version 1.0
1472193163504	addons.xpi	DEBUG	Calling bootstrap method shutdown on firefox@getpocket.com version 1.0.4
1472193163505	addons.xpi	DEBUG	Calling bootstrap method shutdown on loop@mozilla.org version 1.4.3
1472193163771	addons.manager	DEBUG	shutdown
1472193163772	addons.manager	DEBUG	Calling shutdown blocker for XPIProvider
1472193163772	addons.xpi	DEBUG	shutdown
1472193163773	addons.xpi-utils	DEBUG	shutdown
1472193163774	addons.manager	DEBUG	Calling shutdown blocker for LightweightThemeManager
1472193163774	addons.manager	DEBUG	Calling shutdown blocker for GMPProvider
1472193163778	addons.manager	DEBUG	Calling shutdown blocker for PluginProvider
1472193163778	addons.manager	DEBUG	Calling shutdown blocker for <unnamed-provider>
1472193163781	addons.manager	DEBUG	Calling shutdown blocker for PreviousExperimentProvider
1472193163786	addons.xpi	DEBUG	Notifying XPI shutdown observers
1472193163791	addons.manager	DEBUG	Async provider shutdown done

Build info: version: '2.48.2', revision: '41bccdd10cf2c0560f637404c2d96164b67d9d67', time: '2015-10-09 13:08:06'
System info: host: 'malte-Vostro-3500', ip: '127.0.1.1', os.name: 'Linux', os.arch: 'amd64', os.version: '4.4.0-34-generic', java.version: '1.8.0_91'
Driver info: driver.version: Driver
08:33:23.113 Stacktrace: 
org.openqa.selenium.firefox.internal.NewProfileExtensionConnection.start(NewProfileExtensionConnection.java:135)
org.openqa.selenium.firefox.FirefoxDriver.startClient(FirefoxDriver.java:271)
org.openqa.selenium.remote.RemoteWebDriver.<init>(RemoteWebDriver.java:117)
org.openqa.selenium.firefox.FirefoxDriver.<init>(FirefoxDriver.java:216)
org.openqa.selenium.firefox.FirefoxDriver.<init>(FirefoxDriver.java:211)
org.openqa.selenium.firefox.FirefoxDriver.<init>(FirefoxDriver.java:207)
org.openqa.selenium.firefox.FirefoxDriver.<init>(FirefoxDriver.java:120)
driver.DriverFactory.getDriver(DriverFactory.java:17)
driver.Driver.initializeDriver(Driver.java:16)
sun.reflect.NativeMethodAccessorImpl.invoke0(Native Method)
sun.reflect.NativeMethodAccessorImpl.invoke(NativeMethodAccessorImpl.java:62)
sun.reflect.DelegatingMethodAccessorImpl.invoke(DelegatingMethodAccessorImpl.java:43)
java.lang.reflect.Method.invoke(Method.java:498)
com.thoughtworks.gauge.execution.MethodExecutor.execute(MethodExecutor.java:31)
com.thoughtworks.gauge.execution.HooksExecutor$TaggedHookExecutor.executeHook(HooksExecutor.java:98)
com.thoughtworks.gauge.execution.HooksExecutor$TaggedHookExecutor.execute(HooksExecutor.java:84)
com.thoughtworks.gauge.execution.HooksExecutor.execute(HooksExecutor.java:41)
com.thoughtworks.gauge.processor.MethodExecutionMessageProcessor.executeHooks(MethodExecutionMessageProcessor.java:55)
com.thoughtworks.gauge.processor.SuiteExecutionStartingProcessor.process(SuiteExecutionStartingProcessor.java:26)
com.thoughtworks.gauge.connection.MessageDispatcher.dispatchMessages(MessageDispatcher.java:72)
com.thoughtworks.gauge.GaugeRuntime.main(GaugeRuntime.java:37)
08:33:23.113 Error Message: java.lang.NullPointerException
08:33:23.113 Stacktrace: 
driver.Driver.closeDriver(Driver.java:22)
sun.reflect.NativeMethodAccessorImpl.invoke0(Native Method)
sun.reflect.NativeMethodAccessorImpl.invoke(NativeMethodAccessorImpl.java:62)
sun.reflect.DelegatingMethodAccessorImpl.invoke(DelegatingMethodAccessorImpl.java:43)
java.lang.reflect.Method.invoke(Method.java:498)
com.thoughtworks.gauge.execution.MethodExecutor.execute(MethodExecutor.java:31)
com.thoughtworks.gauge.execution.HooksExecutor$TaggedHookExecutor.executeHook(HooksExecutor.java:98)
com.thoughtworks.gauge.execution.HooksExecutor$TaggedHookExecutor.execute(HooksExecutor.java:84)
com.thoughtworks.gauge.execution.HooksExecutor.execute(HooksExecutor.java:41)
com.thoughtworks.gauge.processor.MethodExecutionMessageProcessor.executeHooks(MethodExecutionMessageProcessor.java:55)
com.thoughtworks.gauge.processor.SuiteExecutionEndingProcessor.process(SuiteExecutionEndingProcessor.java:26)
com.thoughtworks.gauge.connection.MessageDispatcher.dispatchMessages(MessageDispatcher.java:72)
com.thoughtworks.gauge.GaugeRuntime.main(GaugeRuntime.java:37)
08:33:23.219 Plugin [Html Report] with pid [7762] has exited
08:33:23.219 Specifications:	0 executed	0 passed	0 failed	0 skipped
08:33:23.219 Scenarios:	0 executed	0 passed	0 failed	0 skipped
08:33:23.219 
Total time taken: 48.466s
08:33:23.219 Updates are available. Run gauge --check-updates for more info.
08:39:22.341 Checking updates...
08:39:51.429 Runner connection error: Timed out connecting to [::]:33661
08:39:51.429 Error while killing runner: os: process already finished
08:39:51.429 Failed to start gauge API: Timed out connecting to [::]:33661
08:41:44.380 Checking updates...
08:41:47.468 # Getting Started with Gauge
08:41:47.470 ## Get Started
08:41:47.473 * Navigate to "http://getgauge.io"

08:41:48.928 * Go to Gauge Get Started Page
08:41:50.178 
Failed Step: Go to Gauge Get Started Page
08:41:50.178 Error Message: org.openqa.selenium.NoSuchElementException: no such element: Unable to locate element: {"method":"xpath","selector":"//*[@id="content"]/section[1]/section/div[2]/a[1]"}
  (Session info: chrome=52.0.2743.82)
  (Driver info: chromedriver=2.22.397932 (282ed7cf89cf0053b6542e0d0f039d4123bbb6ad),platform=Linux 4.4.0-34-generic x86_64) (WARNING: The server did not provide any stacktrace information)
Command duration or timeout: 34 milliseconds
For documentation on this error, please visit: http://seleniumhq.org/exceptions/no_such_element.html
Build info: version: '2.48.2', revision: '41bccdd10cf2c0560f637404c2d96164b67d9d67', time: '2015-10-09 13:08:06'
System info: host: 'malte-Vostro-3500', ip: '127.0.1.1', os.name: 'Linux', os.arch: 'amd64', os.version: '4.4.0-34-generic', java.version: '1.8.0_91'
Driver info: org.openqa.selenium.chrome.ChromeDriver
Capabilities [{applicationCacheEnabled=false, rotatable=false, mobileEmulationEnabled=false, chrome={chromedriverVersion=2.22.397932 (282ed7cf89cf0053b6542e0d0f039d4123bbb6ad), userDataDir=/tmp/.com.google.Chrome.CFZvGO}, takesHeapSnapshot=true, databaseEnabled=false, handlesAlerts=true, hasTouchScreen=false, version=52.0.2743.82, platform=LINUX, browserConnectionEnabled=false, nativeEvents=true, acceptSslCerts=true, locationContextEnabled=true, webStorageEnabled=true, browserName=chrome, takesScreenshot=true, javascriptEnabled=true, cssSelectorsEnabled=true}]
Session ID: 7d392af92c96811b2973591f8fe2f2d0
*** Element info: {Using=xpath, value=//*[@id="content"]/section[1]/section/div[2]/a[1]}
08:41:50.178 Specification: specs/example.spec:13
08:41:50.178 Stacktrace: 
sun.reflect.NativeConstructorAccessorImpl.newInstance0(Native Method)
sun.reflect.NativeConstructorAccessorImpl.newInstance(NativeConstructorAccessorImpl.java:62)
sun.reflect.DelegatingConstructorAccessorImpl.newInstance(DelegatingConstructorAccessorImpl.java:45)
java.lang.reflect.Constructor.newInstance(Constructor.java:423)
org.openqa.selenium.remote.ErrorHandler.createThrowable(ErrorHandler.java:206)
org.openqa.selenium.remote.ErrorHandler.throwIfResponseFailed(ErrorHandler.java:158)
org.openqa.selenium.remote.RemoteWebDriver.execute(RemoteWebDriver.java:647)
org.openqa.selenium.remote.RemoteWebDriver.findElement(RemoteWebDriver.java:353)
org.openqa.selenium.remote.RemoteWebDriver.findElementByXPath(RemoteWebDriver.java:490)
org.openqa.selenium.By$ByXPath.findElement(By.java:361)
org.openqa.selenium.remote.RemoteWebDriver.findElement(RemoteWebDriver.java:345)
StepImplementation.gotoGetStartedPage(StepImplementation.java:19)
sun.reflect.NativeMethodAccessorImpl.invoke0(Native Method)
sun.reflect.NativeMethodAccessorImpl.invoke(NativeMethodAccessorImpl.java:62)
sun.reflect.DelegatingMethodAccessorImpl.invoke(DelegatingMethodAccessorImpl.java:43)
java.lang.reflect.Method.invoke(Method.java:498)
com.thoughtworks.gauge.execution.MethodExecutor.execute(MethodExecutor.java:31)
com.thoughtworks.gauge.execution.StepExecutionStage.executeStepMethod(StepExecutionStage.java:96)
com.thoughtworks.gauge.execution.StepExecutionStage.executeStep(StepExecutionStage.java:77)
com.thoughtworks.gauge.execution.StepExecutionStage.execute(StepExecutionStage.java:58)
com.thoughtworks.gauge.execution.AbstractExecutionStage.executeNext(AbstractExecutionStage.java:24)
com.thoughtworks.gauge.execution.HookExecutionStage.execute(HookExecutionStage.java:42)
com.thoughtworks.gauge.execution.ExecutionPipeline.start(ExecutionPipeline.java:31)
com.thoughtworks.gauge.processor.ExecuteStepProcessor.process(ExecuteStepProcessor.java:34)
com.thoughtworks.gauge.connection.MessageDispatcher.dispatchMessages(MessageDispatcher.java:72)
com.thoughtworks.gauge.GaugeRuntime.main(GaugeRuntime.java:37)
08:41:50.859 Plugin [Html Report] with pid [8330] has exited
08:41:51.160 Specifications:	1 executed	0 passed	1 failed	0 skipped
08:41:51.160 Scenarios:	1 executed	0 passed	1 failed	0 skipped
08:41:51.160 
Total time taken: 4.596s
08:41:51.160 Updates are available. Run gauge --check-updates for more info.
08:43:42.397 Checking updates...
08:43:46.089 # Getting Started with Gauge
08:43:46.091 ## Get Started
08:43:46.093 * Navigate to "http://getgauge.io"

08:43:48.071 * Go to Gauge Get Started Page
08:43:49.795 
Failed Step: Go to Gauge Get Started Page
08:43:49.795 Error Message: org.openqa.selenium.NoSuchElementException: no such element: Unable to locate element: {"method":"xpath","selector":"//*[@id="content"]/div[1]/section[1]/section/div[2]/a[1]"}
  (Session info: chrome=52.0.2743.82)
  (Driver info: chromedriver=2.22.397932 (282ed7cf89cf0053b6542e0d0f039d4123bbb6ad),platform=Linux 4.4.0-34-generic x86_64) (WARNING: The server did not provide any stacktrace information)
Command duration or timeout: 35 milliseconds
For documentation on this error, please visit: http://seleniumhq.org/exceptions/no_such_element.html
Build info: version: '2.48.2', revision: '41bccdd10cf2c0560f637404c2d96164b67d9d67', time: '2015-10-09 13:08:06'
System info: host: 'malte-Vostro-3500', ip: '127.0.1.1', os.name: 'Linux', os.arch: 'amd64', os.version: '4.4.0-34-generic', java.version: '1.8.0_91'
Driver info: org.openqa.selenium.chrome.ChromeDriver
Capabilities [{applicationCacheEnabled=false, rotatable=false, mobileEmulationEnabled=false, chrome={chromedriverVersion=2.22.397932 (282ed7cf89cf0053b6542e0d0f039d4123bbb6ad), userDataDir=/tmp/.com.google.Chrome.YkiLYJ}, takesHeapSnapshot=true, databaseEnabled=false, handlesAlerts=true, hasTouchScreen=false, version=52.0.2743.82, platform=LINUX, browserConnectionEnabled=false, nativeEvents=true, acceptSslCerts=true, locationContextEnabled=true, webStorageEnabled=true, browserName=chrome, takesScreenshot=true, javascriptEnabled=true, cssSelectorsEnabled=true}]
Session ID: e50c44ddba93435e474ed000bf083d42
*** Element info: {Using=xpath, value=//*[@id="content"]/div[1]/section[1]/section/div[2]/a[1]}
08:43:49.795 Specification: specs/example.spec:13
08:43:49.795 Stacktrace: 
sun.reflect.NativeConstructorAccessorImpl.newInstance0(Native Method)
sun.reflect.NativeConstructorAccessorImpl.newInstance(NativeConstructorAccessorImpl.java:62)
sun.reflect.DelegatingConstructorAccessorImpl.newInstance(DelegatingConstructorAccessorImpl.java:45)
java.lang.reflect.Constructor.newInstance(Constructor.java:423)
org.openqa.selenium.remote.ErrorHandler.createThrowable(ErrorHandler.java:206)
org.openqa.selenium.remote.ErrorHandler.throwIfResponseFailed(ErrorHandler.java:158)
org.openqa.selenium.remote.RemoteWebDriver.execute(RemoteWebDriver.java:647)
org.openqa.selenium.remote.RemoteWebDriver.findElement(RemoteWebDriver.java:353)
org.openqa.selenium.remote.RemoteWebDriver.findElementByXPath(RemoteWebDriver.java:490)
org.openqa.selenium.By$ByXPath.findElement(By.java:361)
org.openqa.selenium.remote.RemoteWebDriver.findElement(RemoteWebDriver.java:345)
StepImplementation.gotoGetStartedPage(StepImplementation.java:19)
sun.reflect.NativeMethodAccessorImpl.invoke0(Native Method)
sun.reflect.NativeMethodAccessorImpl.invoke(NativeMethodAccessorImpl.java:62)
sun.reflect.DelegatingMethodAccessorImpl.invoke(DelegatingMethodAccessorImpl.java:43)
java.lang.reflect.Method.invoke(Method.java:498)
com.thoughtworks.gauge.execution.MethodExecutor.execute(MethodExecutor.java:31)
com.thoughtworks.gauge.execution.StepExecutionStage.executeStepMethod(StepExecutionStage.java:96)
com.thoughtworks.gauge.execution.StepExecutionStage.executeStep(StepExecutionStage.java:77)
com.thoughtworks.gauge.execution.StepExecutionStage.execute(StepExecutionStage.java:58)
com.thoughtworks.gauge.execution.AbstractExecutionStage.executeNext(AbstractExecutionStage.java:24)
com.thoughtworks.gauge.execution.HookExecutionStage.execute(HookExecutionStage.java:42)
com.thoughtworks.gauge.execution.ExecutionPipeline.start(ExecutionPipeline.java:31)
com.thoughtworks.gauge.processor.ExecuteStepProcessor.process(ExecuteStepProcessor.java:34)
com.thoughtworks.gauge.connection.MessageDispatcher.dispatchMessages(MessageDispatcher.java:72)
com.thoughtworks.gauge.GaugeRuntime.main(GaugeRuntime.java:37)
08:43:50.479 Plugin [Html Report] with pid [8593] has exited
08:43:50.579 Specifications:	1 executed	0 passed	1 failed	0 skipped
08:43:50.580 Scenarios:	1 executed	0 passed	1 failed	0 skipped
08:43:50.580 
Total time taken: 6.086s
08:43:50.580 Updates are available. Run gauge --check-updates for more info.
08:44:42.970 Checking updates...
08:44:46.601 # Getting Started with Gauge
08:44:46.604 ## Get Started
08:44:46.606 * Navigate to "http://getgauge.io"

08:44:47.975 * Go to Gauge Get Started Page
08:44:49.523 Plugin [Html Report] with pid [8872] has exited
08:44:49.523 Specifications:	1 executed	1 passed	0 failed	0 skipped
08:44:49.523 Scenarios:	1 executed	1 passed	0 failed	0 skipped
08:44:49.523 
Total time taken: 4.629s
08:44:49.523 Updates are available. Run gauge --check-updates for more info.
08:48:20.532 Checking updates...
08:48:22.920 [ValidationError] /home/malte/NetBeansProjects/e2e-gauge-tests/specs/example.spec:8: Step implementation not found => 'Navigate to "http://getgauge.io"'
08:48:22.920 [ValidationError] /home/malte/NetBeansProjects/e2e-gauge-tests/specs/example.spec:13: Step implementation not found => 'Go to Gauge Get Started Page'
08:48:25.367 Error Message: java.lang.RuntimeException: Uncompilable source code - package com.thoughtworks.gauge does not exist
08:48:25.367 Stacktrace: 
driver.Driver.<clinit>(Driver.java:3)
java.lang.Class.forName0(Native Method)
java.lang.Class.forName(Class.java:264)
com.thoughtworks.gauge.ClassInstanceManager.get(ClassInstanceManager.java:34)
com.thoughtworks.gauge.execution.MethodExecutor.execute(MethodExecutor.java:31)
com.thoughtworks.gauge.execution.HooksExecutor$TaggedHookExecutor.executeHook(HooksExecutor.java:98)
com.thoughtworks.gauge.execution.HooksExecutor$TaggedHookExecutor.execute(HooksExecutor.java:84)
com.thoughtworks.gauge.execution.HooksExecutor.execute(HooksExecutor.java:41)
com.thoughtworks.gauge.processor.MethodExecutionMessageProcessor.executeHooks(MethodExecutionMessageProcessor.java:55)
com.thoughtworks.gauge.processor.SuiteExecutionStartingProcessor.process(SuiteExecutionStartingProcessor.java:26)
com.thoughtworks.gauge.connection.MessageDispatcher.dispatchMessages(MessageDispatcher.java:72)
com.thoughtworks.gauge.GaugeRuntime.main(GaugeRuntime.java:37)
08:48:25.367 Error Message: java.lang.NoClassDefFoundError: Could not initialize class driver.Driver
08:48:25.367 Stacktrace: 
java.lang.Class.forName0(Native Method)
java.lang.Class.forName(Class.java:264)
com.thoughtworks.gauge.ClassInstanceManager.get(ClassInstanceManager.java:34)
com.thoughtworks.gauge.execution.MethodExecutor.execute(MethodExecutor.java:31)
com.thoughtworks.gauge.execution.HooksExecutor$TaggedHookExecutor.executeHook(HooksExecutor.java:98)
com.thoughtworks.gauge.execution.HooksExecutor$TaggedHookExecutor.execute(HooksExecutor.java:84)
com.thoughtworks.gauge.execution.HooksExecutor.execute(HooksExecutor.java:41)
com.thoughtworks.gauge.processor.MethodExecutionMessageProcessor.executeHooks(MethodExecutionMessageProcessor.java:55)
com.thoughtworks.gauge.processor.SuiteExecutionEndingProcessor.process(SuiteExecutionEndingProcessor.java:26)
com.thoughtworks.gauge.connection.MessageDispatcher.dispatchMessages(MessageDispatcher.java:72)
com.thoughtworks.gauge.GaugeRuntime.main(GaugeRuntime.java:37)
08:48:25.473 Plugin [Html Report] with pid [9228] has exited
08:48:25.674 Specifications:	0 executed	0 passed	0 failed	1 skipped
08:48:25.674 Scenarios:	0 executed	0 passed	0 failed	1 skipped
08:48:25.674 
Total time taken: 2.445s
08:48:25.674 Updates are available. Run gauge --check-updates for more info.
08:49:04.513 Checking updates...
08:49:06.545 # Getting Started with Gauge
08:49:06.549 ## Get Started
08:49:06.552 * Navigate to "http://getgauge.io"

08:49:08.095 * Go to Gauge Get Started Page
08:49:09.238 Plugin [Html Report] with pid [9325] has exited
08:49:09.339 Specifications:	1 executed	1 passed	0 failed	0 skipped
08:49:09.339 Scenarios:	1 executed	1 passed	0 failed	0 skipped
08:49:09.339 
Total time taken: 3.935s
08:49:09.339 Updates are available. Run gauge --check-updates for more info.
08:51:33.183 Checking updates...
08:51:33.743 Gauge     		0.6.1     	Download the installer from http://getgauge.io/get-started/
08:51:33.743 html-report		2.1.1     	Run 'gauge --update html-report'
08:51:33.743 java      		0.4.1     	Run 'gauge --update java'
08:52:14.906 Gathering metadata for html-report
08:52:15.955 Downloading html-report-2.1.1-linux.x86_64.zip
08:52:29.821 Installing plugin html-report 2.1.1
08:52:29.859 Successfully updated plugin 'html-report'.
08:52:35.190 Gathering metadata for java
08:52:36.086 Plugin java 0.4.1 is already installed.
09:00:59.410 Checking updates...
09:01:02.890 # Getting Started with Gauge
09:01:02.892 ## Get Started
09:01:02.894 * Navigate to "http://getgauge.io"

09:01:04.597 * Go to Gauge Get Started Page

09:01:05.751 ## Go to Documentation Page
09:01:05.754 * Navigate to "http://getgauge.io"

09:01:06.248 * Go to Gauge Documentation
09:01:06.478 Plugin [Html Report] with pid [9884] has exited
09:01:06.579 Specifications:	1 executed	1 passed	0 failed	0 skipped
09:01:06.579 Scenarios:	2 executed	2 passed	0 failed	0 skipped
09:01:06.579 
Total time taken: 5.065s
09:01:06.579 Updates are available. Run gauge --check-updates for more info.
09:01:56.670 Checking updates...
09:02:00.262 # Getting Started with Gauge
09:02:00.263 ## Get Started
09:02:00.265 * Navigate to "http://getgauge.io"

09:02:01.596 * Go to Gauge Get Started Page

09:02:02.738 ## Go to Documentation Page
09:02:02.740 * Navigate to "http://getgauge.io"

09:02:03.290 * Go to Gauge Documentation
09:02:05.319 
Failed Step: Go to Gauge Documentation
09:02:05.319 Error Message: org.openqa.selenium.ElementNotVisibleException: element not visible
  (Session info: chrome=52.0.2743.82)
  (Driver info: chromedriver=2.22.397932 (282ed7cf89cf0053b6542e0d0f039d4123bbb6ad),platform=Linux 4.4.0-34-generic x86_64) (WARNING: The server did not provide any stacktrace information)
Command duration or timeout: 31 milliseconds
Build info: version: '2.53.1', revision: 'a36b8b1cd5757287168e54b817830adce9b0158d', time: '2016-06-30 19:26:09'
System info: host: 'malte-Vostro-3500', ip: '127.0.1.1', os.name: 'Linux', os.arch: 'amd64', os.version: '4.4.0-34-generic', java.version: '1.8.0_91'
Driver info: org.openqa.selenium.chrome.ChromeDriver
Capabilities [{applicationCacheEnabled=false, rotatable=false, mobileEmulationEnabled=false, chrome={chromedriverVersion=2.22.397932 (282ed7cf89cf0053b6542e0d0f039d4123bbb6ad), userDataDir=/tmp/.com.google.Chrome.SUY3bt}, takesHeapSnapshot=true, databaseEnabled=false, handlesAlerts=true, hasTouchScreen=false, version=52.0.2743.82, platform=LINUX, browserConnectionEnabled=false, nativeEvents=true, acceptSslCerts=true, locationContextEnabled=true, webStorageEnabled=true, browserName=chrome, takesScreenshot=true, javascriptEnabled=true, cssSelectorsEnabled=true}]
Session ID: 2091b2da4b743daaf9093ce20138d6cd
09:02:05.319 Specification: specs/example.spec:18
09:02:05.319 Stacktrace: 
sun.reflect.NativeConstructorAccessorImpl.newInstance0(Native Method)
sun.reflect.NativeConstructorAccessorImpl.newInstance(NativeConstructorAccessorImpl.java:62)
sun.reflect.DelegatingConstructorAccessorImpl.newInstance(DelegatingConstructorAccessorImpl.java:45)
java.lang.reflect.Constructor.newInstance(Constructor.java:423)
org.openqa.selenium.remote.ErrorHandler.createThrowable(ErrorHandler.java:206)
org.openqa.selenium.remote.ErrorHandler.throwIfResponseFailed(ErrorHandler.java:158)
org.openqa.selenium.remote.RemoteWebDriver.execute(RemoteWebDriver.java:678)
org.openqa.selenium.remote.RemoteWebElement.execute(RemoteWebElement.java:327)
org.openqa.selenium.remote.RemoteWebElement.click(RemoteWebElement.java:85)
StepImplementation.gotoDocumentationPage(StepImplementation.java:27)
sun.reflect.NativeMethodAccessorImpl.invoke0(Native Method)
sun.reflect.NativeMethodAccessorImpl.invoke(NativeMethodAccessorImpl.java:62)
sun.reflect.DelegatingMethodAccessorImpl.invoke(DelegatingMethodAccessorImpl.java:43)
java.lang.reflect.Method.invoke(Method.java:498)
com.thoughtworks.gauge.execution.MethodExecutor.execute(MethodExecutor.java:32)
com.thoughtworks.gauge.execution.StepExecutionStage.executeStepMethod(StepExecutionStage.java:114)
com.thoughtworks.gauge.execution.StepExecutionStage.executeStep(StepExecutionStage.java:81)
com.thoughtworks.gauge.execution.StepExecutionStage.execute(StepExecutionStage.java:62)
com.thoughtworks.gauge.execution.AbstractExecutionStage.executeNext(AbstractExecutionStage.java:24)
com.thoughtworks.gauge.execution.HookExecutionStage.execute(HookExecutionStage.java:42)
com.thoughtworks.gauge.execution.ExecutionPipeline.start(ExecutionPipeline.java:31)
com.thoughtworks.gauge.processor.ExecuteStepProcessor.process(ExecuteStepProcessor.java:34)
com.thoughtworks.gauge.connection.MessageDispatcher.dispatchMessages(MessageDispatcher.java:72)
com.thoughtworks.gauge.GaugeRuntime.main(GaugeRuntime.java:37)
09:02:05.517 Plugin [Html Report] with pid [10114] has exited
09:02:05.718 Specifications:	1 executed	0 passed	1 failed	0 skipped
09:02:05.718 Scenarios:	2 executed	1 passed	1 failed	0 skipped
09:02:05.718 
Total time taken: 6.701s
09:02:05.718 Updates are available. Run gauge --check-updates for more info.
09:04:50.422 Checking updates...
09:04:53.929 # Getting Started with Gauge
09:04:53.931 ## Get Started
09:04:53.936 * Navigate to "http://getgauge.io"

09:04:55.214 * Go to Gauge Get Started Page

09:04:56.283 ## Go to Documentation Page
09:04:56.284 * Navigate to "http://getgauge.io"

09:04:56.782 * Go to Gauge Documentation
09:04:58.261 Plugin [Html Report] with pid [10379] has exited
09:04:58.362 Specifications:	1 executed	1 passed	0 failed	0 skipped
09:04:58.362 Scenarios:	2 executed	2 passed	0 failed	0 skipped
09:04:58.362 
Total time taken: 5.8s
09:04:58.362 Updates are available. Run gauge --check-updates for more info.
09:13:10.805 Checking updates...
09:13:13.551 # Getting Started with Gauge
09:13:13.553 ## Get Started
09:13:13.557 * Navigate to "http://getgauge.io"

09:13:15.395 * Go to Gauge Get Started Page

09:13:16.612 ## Go to Documentation Page
09:13:16.615 * Navigate to "http://getgauge.io"

09:13:17.024 * Go to Gauge Documentation
09:13:19.300 Plugin [Html Report] with pid [11395] has exited
09:13:19.401 Specifications:	1 executed	1 passed	0 failed	0 skipped
09:13:19.401 Scenarios:	2 executed	2 passed	0 failed	0 skipped
09:13:19.401 
Total time taken: 7.043s
09:13:19.401 Updates are available. Run gauge --check-updates for more info.
09:14:16.145 Checking updates...
09:14:20.573 # Getting Started with Gauge
09:14:20.576 ## Get Started
09:14:20.581 * Navigate to "http://getgauge.io"

09:14:21.892 * Go to Gauge Get Started Page

09:14:22.967 ## Go to Documentation Page
09:14:22.969 * Navigate to "http://getgauge.io"

09:14:23.512 * Go to Gauge Documentation
09:14:25.026 Plugin [Html Report] with pid [11618] has exited
09:14:25.127 Specifications:	1 executed	1 passed	0 failed	0 skipped
09:14:25.127 Scenarios:	2 executed	2 passed	0 failed	0 skipped
09:14:25.127 
Total time taken: 5.772s
09:14:25.127 Updates are available. Run gauge --check-updates for more info.
09:20:22.539 Checking updates...
09:20:26.547 # Getting Started with Gauge
09:20:26.549 ## Get Started
09:20:26.552 * Navigate to "http://getgauge.io"

09:20:27.788 * Go to Gauge Get Started Page

09:20:28.952 ## Go to Documentation Page
09:20:28.954 * Navigate to "http://getgauge.io"

09:20:29.721 * Go to Gauge Documentation
09:20:31.097 * Go to Step Alias Page
09:20:31.859 * Is Page title "Step alias · Gauge Documentation"?
09:20:32.051 Plugin [Html Report] with pid [11885] has exited
09:20:32.152 Specifications:	1 executed	1 passed	0 failed	0 skipped
09:20:32.152 Scenarios:	2 executed	2 passed	0 failed	0 skipped
09:20:32.152 
Total time taken: 6.914s
09:20:32.152 Updates are available. Run gauge --check-updates for more info.
09:22:19.762 Checking updates...
09:22:23.138 # Getting Started with Gauge
09:22:23.146 ## Get Started
09:22:23.151 * Navigate to "http://getgauge.io"

09:22:24.569 * Go to Gauge Get Started Page

09:22:26.074 ## Go to Documentation Page
09:22:26.077 * Navigate to "http://getgauge.io"

09:22:26.653 * Go to Gauge Documentation
09:22:27.898 * Go to Step Alias Page
09:22:28.756 * Is Page title "Step alias · Gauge Documentation"?
09:22:28.972 Plugin [Html Report] with pid [12236] has exited
09:22:29.073 Specifications:	1 executed	1 passed	0 failed	0 skipped
09:22:29.073 Scenarios:	2 executed	2 passed	0 failed	0 skipped
09:22:29.073 
Total time taken: 7.033s
09:22:29.073 Updates are available. Run gauge --check-updates for more info.
10:40:12.107 Checking updates...
10:40:19.255 # Getting Started with Gauge
10:40:19.256 ## Get Started
10:40:19.259 * Navigate to "http://getgauge.io"

10:40:21.514 * Go to Gauge Get Started Page

10:40:22.909 ## Go to Documentation Page
10:40:22.914 * Navigate to "http://getgauge.io"

10:40:23.590 * Go to Gauge Documentation
10:40:24.976 * Go to Step Alias Page
10:40:25.925 * Is Page title "Step alias · Gauge Documentation"?
10:40:26.165 Plugin [Html Report] with pid [13234] has exited
10:40:26.266 Specifications:	1 executed	1 passed	0 failed	0 skipped
10:40:26.266 Scenarios:	2 executed	2 passed	0 failed	0 skipped
10:40:26.266 
Total time taken: 11.595s
10:40:26.266 Updates are available. Run gauge --check-updates for more info.
09:30:06.556 Checking updates...
09:30:14.190 # Getting Started with Gauge
09:30:14.198 ## Get Started
09:30:14.201 * Navigate to "http://getgauge.io"

09:30:16.729 * Go to Gauge Get Started Page

09:30:18.211 ## Go to Documentation Page
09:30:18.211 * Navigate to "http://getgauge.io"

09:30:18.870 * Go to Gauge Documentation
09:30:20.267 * Go to Step Alias Page
09:30:21.178 * Is Page title "Step alias · Gauge Documentation"?
09:30:21.396 Plugin [Html Report] with pid [8454] has exited
09:30:21.497 Specifications:	1 executed	1 passed	0 failed	0 skipped
09:30:21.498 Scenarios:	2 executed	2 passed	0 failed	0 skipped
09:30:21.498 
Total time taken: 12.367s
09:30:21.498 Updates are available. Run gauge --check-updates for more info.
09:30:36.278 Checking updates...
09:30:42.374 # Getting Started with Gauge
09:30:42.376 ## Get Started
09:30:42.377 * Navigate to "http://getgauge.io"

09:30:44.036 * Go to Gauge Get Started Page

09:30:45.502 ## Go to Documentation Page
09:30:45.506 * Navigate to "http://getgauge.io"

09:30:46.147 * Go to Gauge Documentation
09:30:47.618 * Go to Step Alias Page
09:30:48.449 * Is Page title "Step alias · Gauge Documentation"?
09:30:48.667 Plugin [Html Report] with pid [8609] has exited
09:30:48.768 Specifications:	1 executed	1 passed	0 failed	0 skipped
09:30:48.768 Scenarios:	2 executed	2 passed	0 failed	0 skipped
09:30:48.768 
Total time taken: 10.392s
09:30:48.768 Updates are available. Run gauge --check-updates for more info.
09:31:48.581 Checking updates...
09:31:54.836 # Getting Started with Gauge
09:31:54.840 ## Get Started
09:31:54.842 * Navigate to "http://getgauge.io"

09:31:56.131 * Go to Gauge Get Started Page

09:31:57.861 ## Go to Documentation Page
09:31:57.862 * Navigate to "http://getgauge.io"

09:31:58.525 * Go to Gauge Documentation
09:32:00.114 * Go to Step Alias Page
09:32:00.968 * Is Page title "Step alias · Gauge Documentation"?
09:32:01.179 Plugin [Html Report] with pid [8883] has exited
09:32:01.279 Specifications:	1 executed	1 passed	0 failed	0 skipped
09:32:01.279 Scenarios:	2 executed	2 passed	0 failed	0 skipped
09:32:01.279 
Total time taken: 10.732s
09:32:01.280 Updates are available. Run gauge --check-updates for more info.
08:57:42.825 Checking updates...
08:57:44.203 [ValidationError] /home/malte/Repositories/gauge-e2e-tests/specs/example.spec:8: 1 => 'Navigate to "http://getgauge.io"'
08:57:44.204 [ValidationError] /home/malte/Repositories/gauge-e2e-tests/specs/example.spec:13: 1 => 'Go to Gauge Get Started Page'
08:57:44.204 [ValidationError] /home/malte/Repositories/gauge-e2e-tests/specs/example.spec:18: 1 => 'Go to Gauge Documentation'
08:57:44.204 [ValidationError] /home/malte/Repositories/gauge-e2e-tests/specs/example.spec:19: 1 => 'Go to Step Alias Page'
08:57:44.204 [ValidationError] /home/malte/Repositories/gauge-e2e-tests/specs/example.spec:20: 1 => 'Is Page title "Step alias · Gauge Documentation"?'
08:57:48.352 Plugin [Html Report] with pid [8077] has exited
08:57:48.453 Specifications:	0 executed	0 passed	0 failed	1 skipped
08:57:48.453 Scenarios:	0 executed	0 passed	0 failed	2 skipped
08:57:48.453 
Total time taken: 4.047s
08:57:48.453 Updates are available. Run gauge --check-updates for more info.
09:03:14.178 Checking updates...
09:03:16.297 [ValidationError] /home/malte/Repositories/gauge-e2e-tests/specs/example.spec:8: 1 => 'Navigate to "http://getgauge.io"'
09:03:16.297 [ValidationError] /home/malte/Repositories/gauge-e2e-tests/specs/example.spec:13: 1 => 'Go to Gauge Get Started Page'
09:03:16.297 [ValidationError] /home/malte/Repositories/gauge-e2e-tests/specs/example.spec:18: 1 => 'Go to Gauge Documentation'
09:03:16.297 [ValidationError] /home/malte/Repositories/gauge-e2e-tests/specs/example.spec:19: 1 => 'Go to Step Alias Page'
09:03:16.297 [ValidationError] /home/malte/Repositories/gauge-e2e-tests/specs/example.spec:20: 1 => 'Is Page title "Step alias · Gauge Documentation"?'
09:03:20.474 Plugin [Html Report] with pid [8347] has exited
09:03:20.574 Specifications:	0 executed	0 passed	0 failed	1 skipped
09:03:20.575 Scenarios:	0 executed	0 passed	0 failed	2 skipped
09:03:20.575 
Total time taken: 4.075s
09:03:20.575 Updates are available. Run gauge --check-updates for more info.
09:12:57.342 Checking updates...
09:12:59.567 [ValidationError] /home/malte/Repositories/gauge-e2e-tests/specs/example.spec:8: 1 => 'Navigate to "http://getgauge.io"'
09:12:59.567 [ValidationError] /home/malte/Repositories/gauge-e2e-tests/specs/example.spec:13: 1 => 'Go to Gauge Get Started Page'
09:12:59.567 [ValidationError] /home/malte/Repositories/gauge-e2e-tests/specs/example.spec:18: 1 => 'Go to Gauge Documentation'
09:12:59.567 [ValidationError] /home/malte/Repositories/gauge-e2e-tests/specs/example.spec:19: 1 => 'Go to Step Alias Page'
09:12:59.567 [ValidationError] /home/malte/Repositories/gauge-e2e-tests/specs/example.spec:20: 1 => 'Is Page title "Step alias · Gauge Documentation"?'
09:13:04.086 Plugin [Html Report] with pid [8657] has exited
09:13:04.187 Specifications:	0 executed	0 passed	0 failed	1 skipped
09:13:04.187 Scenarios:	0 executed	0 passed	0 failed	2 skipped
09:13:04.187 
Total time taken: 4.417s
09:13:04.187 Updates are available. Run gauge --check-updates for more info.
09:14:19.792 Checking updates...
09:14:26.533 # Getting Started with Gauge
09:14:26.535 ## Get Started
09:14:26.539 * Navigate to "http://getgauge.io"

09:14:28.747 * Go to Gauge Get Started Page

09:14:30.107 ## Go to Documentation Page
09:14:30.108 * Navigate to "http://getgauge.io"

09:14:30.766 * Go to Gauge Documentation
09:14:32.287 * Go to Step Alias Page
09:14:33.110 * Is Page title "Step alias · Gauge Documentation"?
09:14:33.338 Plugin [Html Report] with pid [8824] has exited
09:14:33.439 Specifications:	1 executed	1 passed	0 failed	0 skipped
09:14:33.439 Scenarios:	2 executed	2 passed	0 failed	0 skipped
09:14:33.439 
Total time taken: 11.265s
09:14:33.439 Updates are available. Run gauge --check-updates for more info.
09:29:24.582 Checking updates...
09:29:30.843 # Getting Started with Gauge
09:29:30.845 ## Get Started
09:29:30.848 * Navigate to "http://getgauge.io"

09:29:32.870 * Go to Gauge Get Started Page

09:29:34.236 ## Go to Documentation Page
09:29:34.237 * Navigate to "http://getgauge.io"

09:29:34.892 * Go to Gauge Documentation
09:29:36.303 * Go to Step Alias Page
09:29:37.136 * Is Page title "Step alias · Gauge Documentation"?
09:29:37.353 Plugin [Html Report] with pid [9248] has exited
09:29:37.453 Specifications:	1 executed	1 passed	0 failed	0 skipped
09:29:37.453 Scenarios:	2 executed	2 passed	0 failed	0 skipped
09:29:37.453 
Total time taken: 10.629s
09:29:37.454 Updates are available. Run gauge --check-updates for more info.
09:31:33.032 Checking updates...
09:31:38.935 # Getting Started with Gauge
09:31:38.936 ## Get Started
09:31:38.938 * Navigate to "http://getgauge.io"

09:31:40.191 * Go to Gauge Get Started Page

09:31:41.754 ## Go to Documentation Page
09:31:41.756 * Navigate to "http://getgauge.io"

09:31:42.431 * Go to Gauge Documentation
09:31:43.955 * Go to Step Alias Page
09:31:44.728 * Is Page title "Step alias · Gauge Documentation"?
09:31:44.942 Plugin [Html Report] with pid [9455] has exited
09:31:45.043 Specifications:	1 executed	1 passed	0 failed	0 skipped
09:31:45.043 Scenarios:	2 executed	2 passed	0 failed	0 skipped
09:31:45.043 
Total time taken: 10.078s
09:31:45.043 Updates are available. Run gauge --check-updates for more info.
09:31:53.397 Checking updates...
09:31:59.113 # Getting Started with Gauge
09:31:59.117 ## Get Started
09:31:59.119 * Navigate to "http://getgauge.io"

09:32:00.321 * Go to Gauge Get Started Page

09:32:01.854 ## Go to Documentation Page
09:32:01.856 * Navigate to "http://getgauge.io"

09:32:02.512 * Go to Gauge Documentation
09:32:03.900 * Go to Step Alias Page
09:32:04.730 * Is Page title "Step alias · Gauge Documentation"?
09:32:04.940 Plugin [Html Report] with pid [9613] has exited
09:32:05.041 Specifications:	1 executed	1 passed	0 failed	0 skipped
09:32:05.041 Scenarios:	2 executed	2 passed	0 failed	0 skipped
09:32:05.041 
Total time taken: 9.871s
09:32:05.041 Updates are available. Run gauge --check-updates for more info.
